Aug 09, 2021 3:04:52 PM lv.id.jc.biorhythm.ui.LocalTextInterface <init>
FINER: class "CLIProcessor" uses bundle: "lv/id/jc/biorhythm/service/cliprocessor"
Aug 09, 2021 3:04:52 PM lv.id.jc.biorhythm.ui.Component <init>
FINER: class CLIProcessor initialized with Context(birthday=-999999999-01-01, date=2021-08-09)
Aug 09, 2021 3:04:52 PM lv.id.jc.biorhythm.ui.LocalTextInterface <init>
FINER: class "Application" uses bundle: "lv/id/jc/biorhythm/application"
Aug 09, 2021 3:04:52 PM lv.id.jc.biorhythm.ui.Component <init>
FINER: class Application initialized with Context(birthday=-999999999-01-01, date=2021-08-09)
Aug 09, 2021 3:04:52 PM lv.id.jc.biorhythm.ui.LocalTextInterface <init>
FINER: class "BirthdayRequester" uses bundle: "lv/id/jc/biorhythm/service/birthday-requester"
Aug 09, 2021 3:04:52 PM lv.id.jc.biorhythm.ui.Component <init>
FINER: class BirthdayRequester initialized with Context(birthday=-999999999-01-01, date=2021-08-09)
Aug 09, 2021 3:05:31 PM lv.id.jc.biorhythm.ui.LocalTextInterface <init>
FINER: class "AgeInfoReport" uses bundle: "lv/id/jc/biorhythm/report/age-info-report"
Aug 09, 2021 3:05:31 PM lv.id.jc.biorhythm.ui.Component <init>
FINER: class AgeInfoReport initialized with Context(birthday=1970-06-07, date=2021-08-09)
Aug 09, 2021 3:05:31 PM lv.id.jc.biorhythm.ui.LocalTextInterface <init>
FINER: class "ZodiacSignReport" uses bundle: "lv/id/jc/biorhythm/report/zodiac-sign-report"
Aug 09, 2021 3:05:31 PM lv.id.jc.biorhythm.ui.Component <init>
FINER: class ZodiacSignReport initialized with Context(birthday=1970-06-07, date=2021-08-09)
Aug 09, 2021 3:05:31 PM lv.id.jc.biorhythm.ui.LocalTextInterface <init>
FINER: class "DateNavigator" uses bundle: "lv/id/jc/biorhythm/service/date-navigator"
